<?xml version="1.0" encoding="UTF-8"?>
<testng-results skipped="0" failed="1" ignored="0" total="1" passed="0">
  <reporter-output>
  </reporter-output>
  <suite name="com.tests.TheScoreTest" duration-ms="7873" started-at="2021-07-06T14:06:28Z" finished-at="2021-07-06T14:06:36Z">
    <groups>
    </groups>
    <test name="Command line test" duration-ms="7873" started-at="2021-07-06T14:06:28Z" finished-at="2021-07-06T14:06:36Z">
      <class name="com.tests.TheScoreTest">
        <test-method status="PASS" signature="initialization()[pri:0, instance:com.tests.TheScoreTest@79b4d0f]" name="initialization" is-config="true" duration-ms="7600" started-at="2021-07-06T14:06:28Z" finished-at="2021-07-06T14:06:36Z">
          <reporter-output>
          </reporter-output>
        </test-method> <!-- initialization -->
        <test-method status="FAIL" signature="getStarted_NavigatingToLeagues()[pri:0, instance:com.tests.TheScoreTest@79b4d0f]" name="getStarted_NavigatingToLeagues" duration-ms="244" started-at="2021-07-06T14:06:36Z" finished-at="2021-07-06T14:06:36Z">
          <exception class="java.lang.NoSuchMethodError">
            <message>
              <![CDATA[org.openqa.selenium.support.ui.FluentWait.until(Lcom/google/common/base/Function;)Ljava/lang/Object;]]>
            </message>
            <full-stacktrace>
              <![CDATA[java.lang.NoSuchMethodError: org.openqa.selenium.support.ui.FluentWait.until(Lcom/google/common/base/Function;)Ljava/lang/Object;
at io.appium.java_client.pagefactory.AppiumElementLocator.waitFor(AppiumElementLocator.java:165)
at io.appium.java_client.pagefactory.AppiumElementLocator.findElement(AppiumElementLocator.java:181)
at io.appium.java_client.pagefactory.ElementInterceptor.intercept(ElementInterceptor.java:46)
at io.appium.java_client.android.AndroidElement$$EnhancerByCGLIB$$17c98b36.click(<generated>)
at com.pages.Score_pages.getStarted_Click(Score_pages.java:50)
at com.tests.TheScoreTest.getStarted_NavigatingToLeagues(TheScoreTest.java:31)
at sun.reflect.NativeMethodAccessorImpl.invoke0(Native Method)
at sun.reflect.NativeMethodAccessorImpl.invoke(NativeMethodAccessorImpl.java:62)
at sun.reflect.DelegatingMethodAccessorImpl.invoke(DelegatingMethodAccessorImpl.java:43)
at java.lang.reflect.Method.invoke(Method.java:498)
at org.testng.internal.MethodInvocationHelper.invokeMethod(MethodInvocationHelper.java:124)
at org.testng.internal.Invoker.invokeMethod(Invoker.java:583)
at org.testng.internal.Invoker.invokeTestMethod(Invoker.java:719)
at org.testng.internal.Invoker.invokeTestMethods(Invoker.java:989)
at org.testng.internal.TestMethodWorker.invokeTestMethods(TestMethodWorker.java:125)
at org.testng.internal.TestMethodWorker.run(TestMethodWorker.java:109)
at org.testng.TestRunner.privateRun(TestRunner.java:648)
at org.testng.TestRunner.run(TestRunner.java:505)
at org.testng.SuiteRunner.runTest(SuiteRunner.java:455)
at org.testng.SuiteRunner.runSequentially(SuiteRunner.java:450)
at org.testng.SuiteRunner.privateRun(SuiteRunner.java:415)
at org.testng.SuiteRunner.run(SuiteRunner.java:364)
at org.testng.SuiteRunnerWorker.runSuite(SuiteRunnerWorker.java:52)
at org.testng.SuiteRunnerWorker.run(SuiteRunnerWorker.java:84)
at org.testng.TestNG.runSuitesSequentially(TestNG.java:1208)
at org.testng.TestNG.runSuitesLocally(TestNG.java:1137)
at org.testng.TestNG.runSuites(TestNG.java:1049)
at org.testng.TestNG.run(TestNG.java:1017)
at org.apache.maven.surefire.testng.TestNGExecutor.run(TestNGExecutor.java:77)
at org.apache.maven.surefire.testng.TestNGDirectoryTestSuite.execute(TestNGDirectoryTestSuite.java:110)
at org.apache.maven.surefire.testng.TestNGProvider.invoke(TestNGProvider.java:106)
at sun.reflect.NativeMethodAccessorImpl.invoke0(Native Method)
at sun.reflect.NativeMethodAccessorImpl.invoke(NativeMethodAccessorImpl.java:62)
at sun.reflect.DelegatingMethodAccessorImpl.invoke(DelegatingMethodAccessorImpl.java:43)
at java.lang.reflect.Method.invoke(Method.java:498)
at org.apache.maven.surefire.util.ReflectionUtils.invokeMethodWithArray(ReflectionUtils.java:189)
at org.apache.maven.surefire.booter.ProviderFactory$ProviderProxy.invoke(ProviderFactory.java:165)
at org.apache.maven.surefire.booter.ProviderFactory.invokeProvider(ProviderFactory.java:85)
at org.apache.maven.surefire.booter.ForkedBooter.runSuitesInProcess(ForkedBooter.java:115)
at org.apache.maven.surefire.booter.ForkedBooter.main(ForkedBooter.java:75)
]]>
            </full-stacktrace>
          </exception> <!-- java.lang.NoSuchMethodError -->
          <reporter-output>
          </reporter-output>
        </test-method> <!-- getStarted_NavigatingToLeagues -->
      </class> <!-- com.tests.TheScoreTest -->
    </test> <!-- Command line test -->
  </suite> <!-- com.tests.TheScoreTest -->
</testng-results>
