<?xml version="1.0" encoding="UTF-8"?>
<!-- Generated by org.testng.reporters.JUnitXMLReporter -->
<testsuite hostname="DESKTOP-8H6BFL0" ignored="0" name="Command line test" tests="1" failures="1" timestamp="06 Jul 2021 14:06:36 GMT" time="7.873" errors="0">
  <testcase name="getStarted_NavigatingToLeagues" time="0.244" classname="com.tests.TheScoreTest">
    <failure type="java.lang.NoSuchMethodError" message="org.openqa.selenium.support.ui.FluentWait.until(Lcom/google/common/base/Function;)Ljava/lang/Object;">
      <![CDATA[java.lang.NoSuchMethodError: org.openqa.selenium.support.ui.FluentWait.until(Lcom/google/common/base/Function;)Ljava/lang/Object;
at io.appium.java_client.pagefactory.AppiumElementLocator.waitFor(AppiumElementLocator.java:165)
at io.appium.java_client.pagefactory.AppiumElementLocator.findElement(AppiumElementLocator.java:181)
at io.appium.java_client.pagefactory.ElementInterceptor.intercept(ElementInterceptor.java:46)
at io.appium.java_client.android.AndroidElement$$EnhancerByCGLIB$$17c98b36.click(<generated>)
at com.pages.Score_pages.getStarted_Click(Score_pages.java:50)
at com.tests.TheScoreTest.getStarted_NavigatingToLeagues(TheScoreTest.java:31)
... Removed 34 stack frames]]>
    </failure>
  </testcase> <!-- getStarted_NavigatingToLeagues -->
</testsuite> <!-- Command line test -->
